# JRE version: OpenJDK Runtime Environment (21.0.4) (build 21.0.4+-12508038-b607.1)
# Java VM: OpenJDK 64-Bit Server VM (21.0.4+-12508038-b607.1, mixed mode, tiered, compressed oops, compressed class ptrs, g1 gc, windows-amd64)
GC Precious Log:
 CardTable entry size: 512
 Card Set container configuration: InlinePtr #cards 5 size 8 Array Of Cards #cards 12 size 40 Howl #buckets 4 coarsen threshold 1843 Howl Bitmap #cards 512 size 80 coarsen threshold 460 Card regions per heap region 1 cards per card region 2048
 CPUs: 8 total, 8 available
 Memory: 24267M
 Large Page Support: Disabled
 NUMA Support: Disabled
 Compressed Oops: Enabled (32-bit)
 Heap Region Size: 1M
 Heap Min Capacity: 8M
 Heap Initial Capacity: 380M
 Heap Max Capacity: 2G
 Pre-touch: Disabled
 Parallel Workers: 8
 Concurrent Workers: 2
 Concurrent Refinement Workers: 8
 Periodic GC: Disabled
Heap:
 garbage-first heap   total 199680K, used 140346K [0x0000000080000000, 0x0000000100000000)
  region size 1024K, 38 young (38912K), 4 survivors (4096K)
 Metaspace       used 116895K, committed 121344K, reserved 1179648K
  class space    used 15529K, committed 17280K, reserved 1048576K
GC Heap History (20 events):
Event: 21.195 GC heap before
{Heap before GC invocations=30 (full 0):
 garbage-first heap   total 199680K, used 176933K [0x0000000080000000, 0x0000000100000000)
  region size 1024K, 79 young (80896K), 11 survivors (11264K)
 Metaspace       used 111892K, committed 114048K, reserved 1179648K
  class space    used 15279K, committed 16384K, reserved 1048576K
}
Event: 21.204 GC heap after
{Heap after GC invocations=31 (full 0):
 garbage-first heap   total 199680K, used 113551K [0x0000000080000000, 0x0000000100000000)
  region size 1024K, 7 young (7168K), 7 survivors (7168K)
 Metaspace       used 111892K, committed 114048K, reserved 1179648K
  class space    used 15279K, committed 16384K, reserved 1048576K
}
Event: 23.320 GC heap before
{Heap before GC invocations=31 (full 0):
 garbage-first heap   total 199680K, used 179087K [0x0000000080000000, 0x0000000100000000)
  region size 1024K, 72 young (73728K), 7 survivors (7168K)
 Metaspace       used 115969K, committed 118144K, reserved 1179648K
  class space    used 15854K, committed 16960K, reserved 1048576K
}
Event: 23.329 GC heap after
{Heap after GC invocations=32 (full 0):
 garbage-first heap   total 199680K, used 116669K [0x0000000080000000, 0x0000000100000000)
  region size 1024K, 7 young (7168K), 7 survivors (7168K)
 Metaspace       used 115969K, committed 118144K, reserved 1179648K
  class space    used 15854K, committed 16960K, reserved 1048576K
}
Event: 1633.497 GC heap before
{Heap before GC invocations=32 (full 0):
 garbage-first heap   total 199680K, used 180157K [0x0000000080000000, 0x0000000100000000)
  region size 1024K, 70 young (71680K), 7 survivors (7168K)
 Metaspace       used 118091K, committed 120256K, reserved 1179648K
  class space    used 16169K, committed 17280K, reserved 1048576K
}
Event: 1633.718 GC heap after
{Heap after GC invocations=33 (full 0):
 garbage-first heap   total 199680K, used 117766K [0x0000000080000000, 0x0000000100000000)
  region size 1024K, 2 young (2048K), 2 survivors (2048K)
 Metaspace       used 118091K, committed 120256K, reserved 1179648K
  class space    used 16169K, committed 17280K, reserved 1048576K
}
Event: 5163.188 GC heap before
{Heap before GC invocations=34 (full 0):
 garbage-first heap   total 199680K, used 184326K [0x0000000080000000, 0x0000000100000000)
  region size 1024K, 67 young (68608K), 2 survivors (2048K)
 Metaspace       used 118190K, committed 120448K, reserved 1179648K
  class space    used 16171K, committed 17280K, reserved 1048576K
}
Event: 5163.270 GC heap after
{Heap after GC invocations=35 (full 0):
 garbage-first heap   total 199680K, used 117302K [0x0000000080000000, 0x0000000100000000)
  region size 1024K, 1 young (1024K), 1 survivors (1024K)
 Metaspace       used 118190K, committed 120448K, reserved 1179648K
  class space    used 16171K, committed 17280K, reserved 1048576K
}
Event: 5319.692 GC heap before
{Heap before GC invocations=35 (full 0):
 garbage-first heap   total 199680K, used 185910K [0x0000000080000000, 0x0000000100000000)
  region size 1024K, 69 young (70656K), 1 survivors (1024K)
 Metaspace       used 118678K, committed 120832K, reserved 1179648K
  class space    used 16175K, committed 17280K, reserved 1048576K
}
Event: 5319.712 GC heap after
{Heap after GC invocations=36 (full 0):
 garbage-first heap   total 199680K, used 122544K [0x0000000080000000, 0x0000000100000000)
  region size 1024K, 8 young (8192K), 8 survivors (8192K)
 Metaspace       used 118678K, committed 120832K, reserved 1179648K
  class space    used 16175K, committed 17280K, reserved 1048576K
}
Event: 5320.571 GC heap before
{Heap before GC invocations=36 (full 0):
 garbage-first heap   total 199680K, used 154288K [0x0000000080000000, 0x0000000100000000)
  region size 1024K, 40 young (40960K), 8 survivors (8192K)
 Metaspace       used 118923K, committed 121152K, reserved 1179648K
  class space    used 16177K, committed 17280K, reserved 1048576K
}
Event: 5320.757 GC heap after
{Heap after GC invocations=37 (full 1):
 garbage-first heap   total 199680K, used 97572K [0x0000000080000000, 0x0000000100000000)
  region size 1024K, 0 young (0K), 0 survivors (0K)
 Metaspace       used 116255K, committed 121152K, reserved 1179648K
  class space    used 15542K, committed 17280K, reserved 1048576K
}
Event: 5528.284 GC heap before
{Heap before GC invocations=37 (full 1):
 garbage-first heap   total 199680K, used 177444K [0x0000000080000000, 0x0000000100000000)
  region size 1024K, 79 young (80896K), 0 survivors (0K)
 Metaspace       used 116619K, committed 121216K, reserved 1179648K
  class space    used 15568K, committed 17280K, reserved 1048576K
}
Event: 5528.293 GC heap after
{Heap after GC invocations=38 (full 1):
 garbage-first heap   total 199680K, used 104546K [0x0000000080000000, 0x0000000100000000)
  region size 1024K, 7 young (7168K), 7 survivors (7168K)
 Metaspace       used 116619K, committed 121216K, reserved 1179648K
  class space    used 15568K, committed 17280K, reserved 1048576K
}
Event: 5562.481 GC heap before
{Heap before GC invocations=39 (full 1):
 garbage-first heap   total 199680K, used 176226K [0x0000000080000000, 0x0000000100000000)
  region size 1024K, 78 young (79872K), 7 survivors (7168K)
 Metaspace       used 116800K, committed 121280K, reserved 1179648K
  class space    used 15569K, committed 17280K, reserved 1048576K
}
Event: 5562.495 GC heap after
{Heap after GC invocations=40 (full 1):
 garbage-first heap   total 199680K, used 110566K [0x0000000080000000, 0x0000000100000000)
  region size 1024K, 7 young (7168K), 7 survivors (7168K)
 Metaspace       used 116800K, committed 121280K, reserved 1179648K
  class space    used 15569K, committed 17280K, reserved 1048576K
}
Event: 5959.415 GC heap before
{Heap before GC invocations=40 (full 1):
 garbage-first heap   total 199680K, used 176102K [0x0000000080000000, 0x0000000100000000)
  region size 1024K, 72 young (73728K), 7 survivors (7168K)
 Metaspace       used 117071K, committed 121344K, reserved 1179648K
  class space    used 15574K, committed 17280K, reserved 1048576K
}
Event: 5959.439 GC heap after
{Heap after GC invocations=41 (full 1):
 garbage-first heap   total 199680K, used 109079K [0x0000000080000000, 0x0000000100000000)
  region size 1024K, 2 young (2048K), 2 survivors (2048K)
 Metaspace       used 117071K, committed 121344K, reserved 1179648K
  class space    used 15574K, committed 17280K, reserved 1048576K
}
Event: 7735.129 GC heap before
{Heap before GC invocations=41 (full 1):
 garbage-first heap   total 199680K, used 180759K [0x0000000080000000, 0x0000000100000000)
  region size 1024K, 73 young (74752K), 2 survivors (2048K)
 Metaspace       used 117120K, committed 121344K, reserved 1179648K
  class space    used 15574K, committed 17280K, reserved 1048576K
}
Event: 7735.147 GC heap after
{Heap after GC invocations=42 (full 1):
 garbage-first heap   total 199680K, used 111674K [0x0000000080000000, 0x0000000100000000)
  region size 1024K, 4 young (4096K), 4 survivors (4096K)
 Metaspace       used 117120K, committed 121344K, reserved 1179648K
  class space    used 15574K, committed 17280K, reserved 1048576K
}

