# JRE version: OpenJDK Runtime Environment (21.0.4) (build 21.0.4+-12508038-b607.1)
# Java VM: OpenJDK 64-Bit Server VM (21.0.4+-12508038-b607.1, mixed mode, tiered, compressed oops, compressed class ptrs, g1 gc, windows-amd64)
GC Precious Log:
 CardTable entry size: 512
 Card Set container configuration: InlinePtr #cards 5 size 8 Array Of Cards #cards 12 size 40 Howl #buckets 4 coarsen threshold 1843 Howl Bitmap #cards 512 size 80 coarsen threshold 460 Card regions per heap region 1 cards per card region 2048
 CPUs: 8 total, 8 available
 Memory: 24267M
 Large Page Support: Disabled
 NUMA Support: Disabled
 Compressed Oops: Enabled (32-bit)
 Heap Region Size: 1M
 Heap Min Capacity: 8M
 Heap Initial Capacity: 380M
 Heap Max Capacity: 2G
 Pre-touch: Disabled
 Parallel Workers: 8
 Concurrent Workers: 2
 Concurrent Refinement Workers: 8
 Periodic GC: Disabled
Heap:
 garbage-first heap   total 190464K, used 129084K [0x0000000080000000, 0x0000000100000000)
  region size 1024K, 30 young (30720K), 10 survivors (10240K)
 Metaspace       used 106123K, committed 108288K, reserved 1179648K
  class space    used 14574K, committed 15680K, reserved 1048576K
GC Heap History (20 events):
Event: 6.265 GC heap before
{Heap before GC invocations=16 (full 0):
 garbage-first heap   total 140288K, used 92088K [0x0000000080000000, 0x0000000100000000)
  region size 1024K, 49 young (50176K), 5 survivors (5120K)
 Metaspace       used 64716K, committed 66304K, reserved 1114112K
  class space    used 8764K, committed 9536K, reserved 1048576K
}
Event: 6.268 GC heap after
{Heap after GC invocations=17 (full 0):
 garbage-first heap   total 140288K, used 50387K [0x0000000080000000, 0x0000000100000000)
  region size 1024K, 7 young (7168K), 7 survivors (7168K)
 Metaspace       used 64716K, committed 66304K, reserved 1114112K
  class space    used 8764K, committed 9536K, reserved 1048576K
}
Event: 7.078 GC heap before
{Heap before GC invocations=18 (full 0):
 garbage-first heap   total 140288K, used 138451K [0x0000000080000000, 0x0000000100000000)
  region size 1024K, 78 young (79872K), 7 survivors (7168K)
 Metaspace       used 71322K, committed 73024K, reserved 1114112K
  class space    used 9563K, committed 10432K, reserved 1048576K
}
Event: 7.084 GC heap after
{Heap after GC invocations=19 (full 0):
 garbage-first heap   total 154624K, used 72923K [0x0000000080000000, 0x0000000100000000)
  region size 1024K, 10 young (10240K), 10 survivors (10240K)
 Metaspace       used 71322K, committed 73024K, reserved 1114112K
  class space    used 9563K, committed 10432K, reserved 1048576K
}
Event: 7.595 GC heap before
{Heap before GC invocations=19 (full 0):
 garbage-first heap   total 154624K, used 139483K [0x0000000080000000, 0x0000000100000000)
  region size 1024K, 70 young (71680K), 10 survivors (10240K)
 Metaspace       used 76918K, committed 78656K, reserved 1179648K
  class space    used 10346K, committed 11200K, reserved 1048576K
}
Event: 7.600 GC heap after
{Heap after GC invocations=20 (full 0):
 garbage-first heap   total 158720K, used 80315K [0x0000000080000000, 0x0000000100000000)
  region size 1024K, 7 young (7168K), 7 survivors (7168K)
 Metaspace       used 76918K, committed 78656K, reserved 1179648K
  class space    used 10346K, committed 11200K, reserved 1048576K
}
Event: 8.000 GC heap before
{Heap before GC invocations=20 (full 0):
 garbage-first heap   total 158720K, used 123323K [0x0000000080000000, 0x0000000100000000)
  region size 1024K, 50 young (51200K), 7 survivors (7168K)
 Metaspace       used 81308K, committed 83136K, reserved 1179648K
  class space    used 10898K, committed 11840K, reserved 1048576K
}
Event: 8.004 GC heap after
{Heap after GC invocations=21 (full 0):
 garbage-first heap   total 158720K, used 83220K [0x0000000080000000, 0x0000000100000000)
  region size 1024K, 3 young (3072K), 3 survivors (3072K)
 Metaspace       used 81308K, committed 83136K, reserved 1179648K
  class space    used 10898K, committed 11840K, reserved 1048576K
}
Event: 8.500 GC heap before
{Heap before GC invocations=22 (full 0):
 garbage-first heap   total 158720K, used 147732K [0x0000000080000000, 0x0000000100000000)
  region size 1024K, 62 young (63488K), 3 survivors (3072K)
 Metaspace       used 85535K, committed 87360K, reserved 1179648K
  class space    used 11478K, committed 12416K, reserved 1048576K
}
Event: 8.504 GC heap after
{Heap after GC invocations=23 (full 0):
 garbage-first heap   total 158720K, used 93802K [0x0000000080000000, 0x0000000100000000)
  region size 1024K, 8 young (8192K), 8 survivors (8192K)
 Metaspace       used 85535K, committed 87360K, reserved 1179648K
  class space    used 11478K, committed 12416K, reserved 1048576K
}
Event: 8.877 GC heap before
{Heap before GC invocations=23 (full 0):
 garbage-first heap   total 158720K, used 141930K [0x0000000080000000, 0x0000000100000000)
  region size 1024K, 54 young (55296K), 8 survivors (8192K)
 Metaspace       used 88435K, committed 90368K, reserved 1179648K
  class space    used 11858K, committed 12800K, reserved 1048576K
}
Event: 8.883 GC heap after
{Heap after GC invocations=24 (full 0):
 garbage-first heap   total 158720K, used 96791K [0x0000000080000000, 0x0000000100000000)
  region size 1024K, 6 young (6144K), 6 survivors (6144K)
 Metaspace       used 88435K, committed 90368K, reserved 1179648K
  class space    used 11858K, committed 12800K, reserved 1048576K
}
Event: 9.279 GC heap before
{Heap before GC invocations=24 (full 0):
 garbage-first heap   total 158720K, used 141847K [0x0000000080000000, 0x0000000100000000)
  region size 1024K, 50 young (51200K), 6 survivors (6144K)
 Metaspace       used 92474K, committed 94336K, reserved 1179648K
  class space    used 12577K, committed 13504K, reserved 1048576K
}
Event: 9.283 GC heap after
{Heap after GC invocations=25 (full 0):
 garbage-first heap   total 190464K, used 97934K [0x0000000080000000, 0x0000000100000000)
  region size 1024K, 3 young (3072K), 3 survivors (3072K)
 Metaspace       used 92474K, committed 94336K, reserved 1179648K
  class space    used 12577K, committed 13504K, reserved 1048576K
}
Event: 9.932 GC heap before
{Heap before GC invocations=26 (full 0):
 garbage-first heap   total 190464K, used 168590K [0x0000000080000000, 0x0000000100000000)
  region size 1024K, 72 young (73728K), 3 survivors (3072K)
 Metaspace       used 98253K, committed 100352K, reserved 1179648K
  class space    used 13456K, committed 14528K, reserved 1048576K
}
Event: 9.935 GC heap after
{Heap after GC invocations=27 (full 0):
 garbage-first heap   total 190464K, used 101334K [0x0000000080000000, 0x0000000100000000)
  region size 1024K, 6 young (6144K), 6 survivors (6144K)
 Metaspace       used 98253K, committed 100352K, reserved 1179648K
  class space    used 13456K, committed 14528K, reserved 1048576K
}
Event: 10.569 GC heap before
{Heap before GC invocations=27 (full 0):
 garbage-first heap   total 190464K, used 171990K [0x0000000080000000, 0x0000000100000000)
  region size 1024K, 75 young (76800K), 6 survivors (6144K)
 Metaspace       used 104796K, committed 106880K, reserved 1179648K
  class space    used 14405K, committed 15424K, reserved 1048576K
}
Event: 10.576 GC heap after
{Heap after GC invocations=28 (full 0):
 garbage-first heap   total 190464K, used 105244K [0x0000000080000000, 0x0000000100000000)
  region size 1024K, 9 young (9216K), 9 survivors (9216K)
 Metaspace       used 104796K, committed 106880K, reserved 1179648K
  class space    used 14405K, committed 15424K, reserved 1048576K
}
Event: 11.176 GC heap before
{Heap before GC invocations=28 (full 0):
 garbage-first heap   total 190464K, used 170780K [0x0000000080000000, 0x0000000100000000)
  region size 1024K, 73 young (74752K), 9 survivors (9216K)
 Metaspace       used 106005K, committed 108160K, reserved 1179648K
  class space    used 14559K, committed 15680K, reserved 1048576K
}
Event: 11.184 GC heap after
{Heap after GC invocations=29 (full 0):
 garbage-first heap   total 190464K, used 110652K [0x0000000080000000, 0x0000000100000000)
  region size 1024K, 10 young (10240K), 10 survivors (10240K)
 Metaspace       used 106005K, committed 108160K, reserved 1179648K
  class space    used 14559K, committed 15680K, reserved 1048576K
}

